181026 19:09:16 [Note] d:\AppServ\MySQL\bin\mysqld-nt: ready for connections.
Version: '5.0.24a-community-nt-log'  socket: ''  port: 3306  MySQL Community Edition (GPL)
181026 19:09:20 [Note] d:\AppServ\MySQL\bin\mysqld-nt: Normal shutdown

181026 19:09:20 [Note] d:\AppServ\MySQL\bin\mysqld-nt: Shutdown complete

181026 19:09:25 [Note] d:\AppServ\MySQL\bin\mysqld-nt: ready for connections.
Version: '5.0.24a-community-nt-log'  socket: ''  port: 3306  MySQL Community Edition (GPL)
181026 19:11:53 [Note] d:\AppServ\MySQL\bin\mysqld-nt: Normal shutdown

181026 19:11:53 [Note] d:\AppServ\MySQL\bin\mysqld-nt: Shutdown complete

181026 19:12:20 [Note] d:\AppServ\MySQL\bin\mysqld-nt: ready for connections.
Version: '5.0.24a-community-nt-log'  socket: ''  port: 3306  MySQL Community Edition (GPL)
181026 19:13:49 [Note] d:\AppServ\MySQL\bin\mysqld-nt: Normal shutdown

181026 19:13:49 [Note] d:\AppServ\MySQL\bin\mysqld-nt: Shutdown complete

181026 19:14:30 [Note] d:\AppServ\MySQL\bin\mysqld-nt: ready for connections.
Version: '5.0.24a-community-nt-log'  socket: ''  port: 3306  MySQL Community Edition (GPL)
181026 19:14:35 [Note] d:\AppServ\MySQL\bin\mysqld-nt: Normal shutdown

181026 19:14:35 [Note] d:\AppServ\MySQL\bin\mysqld-nt: Shutdown complete

181026 19:14:42 [Note] d:\AppServ\MySQL\bin\mysqld-nt: ready for connections.
Version: '5.0.24a-community-nt-log'  socket: ''  port: 3306  MySQL Community Edition (GPL)
181029  9:58:48 [Note] d:\AppServ\MySQL\bin\mysqld-nt: Normal shutdown

181029  9:58:48 [Note] d:\AppServ\MySQL\bin\mysqld-nt: Shutdown complete

181029  9:59:17 [Note] d:\AppServ\MySQL\bin\mysqld-nt: ready for connections.
Version: '5.0.24a-community-nt-log'  socket: ''  port: 3306  MySQL Community Edition (GPL)
181103  3:17:08 [Note] d:\AppServ\MySQL\bin\mysqld-nt: Normal shutdown

181103  3:17:08 [Note] d:\AppServ\MySQL\bin\mysqld-nt: Shutdown complete

181103  3:18:21 [Note] d:\AppServ\MySQL\bin\mysqld-nt: ready for connections.
Version: '5.0.24a-community-nt-log'  socket: ''  port: 3306  MySQL Community Edition (GPL)
181115  3:24:13 [Note] d:\AppServ\MySQL\bin\mysqld-nt: Normal shutdown

181115  3:24:13 [Note] d:\AppServ\MySQL\bin\mysqld-nt: Shutdown complete

181115  3:25:14 [Note] d:\AppServ\MySQL\bin\mysqld-nt: ready for connections.
Version: '5.0.24a-community-nt-log'  socket: ''  port: 3306  MySQL Community Edition (GPL)
181211  9:52:37 [Note] d:\AppServ\MySQL\bin\mysqld-nt: ready for connections.
Version: '5.0.24a-community-nt-log'  socket: ''  port: 3306  MySQL Community Edition (GPL)
181213  3:13:37 [Note] d:\AppServ\MySQL\bin\mysqld-nt: Normal shutdown

181213  3:13:37 [Note] d:\AppServ\MySQL\bin\mysqld-nt: Shutdown complete

181213  3:14:35 [Note] d:\AppServ\MySQL\bin\mysqld-nt: ready for connections.
Version: '5.0.24a-community-nt-log'  socket: ''  port: 3306  MySQL Community Edition (GPL)
181221  3:03:36 [Note] d:\AppServ\MySQL\bin\mysqld-nt: Normal shutdown

181221  3:03:36 [Note] d:\AppServ\MySQL\bin\mysqld-nt: Shutdown complete

181221  3:04:22 [Note] d:\AppServ\MySQL\bin\mysqld-nt: ready for connections.
Version: '5.0.24a-community-nt-log'  socket: ''  port: 3306  MySQL Community Edition (GPL)
190110  4:14:19 [Note] d:\AppServ\MySQL\bin\mysqld-nt: Normal shutdown

190110  4:14:20 [Note] d:\AppServ\MySQL\bin\mysqld-nt: Shutdown complete

190110  4:15:40 [Note] d:\AppServ\MySQL\bin\mysqld-nt: ready for connections.
Version: '5.0.24a-community-nt-log'  socket: ''  port: 3306  MySQL Community Edition (GPL)
190214  4:06:27 [Note] d:\AppServ\MySQL\bin\mysqld-nt: Normal shutdown

190214  4:06:28 [Note] d:\AppServ\MySQL\bin\mysqld-nt: Shutdown complete

190214  4:08:13 [Note] d:\AppServ\MySQL\bin\mysqld-nt: ready for connections.
Version: '5.0.24a-community-nt-log'  socket: ''  port: 3306  MySQL Community Edition (GPL)
190313  3:21:33 [Note] d:\AppServ\MySQL\bin\mysqld-nt: Normal shutdown

190313  3:21:33 [Note] d:\AppServ\MySQL\bin\mysqld-nt: Shutdown complete

190313  3:22:44 [Note] d:\AppServ\MySQL\bin\mysqld-nt: ready for connections.
Version: '5.0.24a-community-nt-log'  socket: ''  port: 3306  MySQL Community Edition (GPL)
190409  8:50:26 [Note] d:\AppServ\MySQL\bin\mysqld-nt: ready for connections.
Version: '5.0.24a-community-nt-log'  socket: ''  port: 3306  MySQL Community Edition (GPL)
190411  3:08:45 [Note] d:\AppServ\MySQL\bin\mysqld-nt: Normal shutdown

190411  3:08:45 [Note] d:\AppServ\MySQL\bin\mysqld-nt: Shutdown complete

190411  3:10:01 [Note] d:\AppServ\MySQL\bin\mysqld-nt: ready for connections.
Version: '5.0.24a-community-nt-log'  socket: ''  port: 3306  MySQL Community Edition (GPL)
190513 13:20:16 [Note] d:\AppServ\MySQL\bin\mysqld-nt: ready for connections.
Version: '5.0.24a-community-nt-log'  socket: ''  port: 3306  MySQL Community Edition (GPL)
190516  3:13:45 [Note] d:\AppServ\MySQL\bin\mysqld-nt: Normal shutdown

190516  3:13:45 [Note] d:\AppServ\MySQL\bin\mysqld-nt: Shutdown complete

190516  3:15:02 [Note] d:\AppServ\MySQL\bin\mysqld-nt: ready for connections.
Version: '5.0.24a-community-nt-log'  socket: ''  port: 3306  MySQL Community Edition (GPL)
